Command line:
   decoder_2to4_isim_beh.exe
     -simmode  gui
     -simrunnum  0
     -socket  41160

Sun Apr  2 12:56:31 2017


 Elaboration Time: 0.02 sec

 Current Memory Usage: 196.252 Meg

 Total Signals          : 2
 Total Nets             : 6
 Total Signal Drivers   : 1
 Total Blocks           : 2
 Total Primitive Blocks : 2
 Total Processes        : 1
 Total Traceable Variables  : 8
 Total Scalar Nets and Variables : 366
Total Line Count : 3

 Total Simulation Time: 0.08 sec

 Current Memory Usage: 271.753 Meg

Sun Apr  2 13:04:59 2017

