ISim log file
Running: /home/idan/Desktop/p4/ISE/p4_TB_isim_beh.exe -intstyle ise -gui -tclbatch isim.cmd -wdb /home/idan/Desktop/p4/ISE/p4_TB_isim_beh.wdb 
ISim P.20131013 (signature 0xfbc00daa)
WARNING: A WEBPACK license was found.
WARNING: Please use Xilinx License Configuration Manager to check out a full ISim license.
WARNING: ISim will run in Lite mode. Please refer to the ISim documentation for more information on the differences between the Lite and the Full version.
This is a Lite version of ISim.
Time resolution is 1 ps
# onerror resume
# wave add /
# run 1000 ns
Simulator is doing circuit initialization process.
Finished circuit initialization process.
at 0 ps, Instance /p4_tb/Testing_p4/OSC_CLK/ : Warning: There is an 'U'|'X'|'W'|'Z'|'-' in an arithmetic operand, the result will be 'X'(es).
# run 1000ns
# run 1000ns
# run 1000ns
# run 1000ns
# run 1000ns
# run 1000ns
# run 1000ns
# run 1000ns
# run 1000ns
# run 1000ns
# run 1000ns
# run 1000ns
# run 1000ns
# run 1000ns
# run 1000ns
# run 1000ns
# run 1000ns
# run 1000ns
# run 1000ns
# run 1000ns
# run 1000ns
# run 1000ns
# run 1000ns
# run 1000ns
# run 1000ns
# run 1000ns
# run 1000ns
# run 1000ns
# restart
# run 1000ns
Simulator is doing circuit initialization process.
Finished circuit initialization process.
ISim P.20131013 (signature 0xfbc00daa)
WARNING: A WEBPACK license was found.
WARNING: Please use Xilinx License Configuration Manager to check out a full ISim license.
WARNING: ISim will run in Lite mode. Please refer to the ISim documentation for more information on the differences between the Lite and the Full version.
This is a Lite version of ISim.
# run 1000 ns
Simulator is doing circuit initialization process.
Finished circuit initialization process.
at 0 ps, Instance /p4_tb/Testing_p4/OSC_CLK/ : Warning: There is an 'U'|'X'|'W'|'Z'|'-' in an arithmetic operand, the result will be 'X'(es).
# run 1000ns
# run 1000ns
# run 1000ns
# run 1000ns
# run 1000ns
# run 1000ns
# run 1000ns
# run 1000ns
# run 1000ns
# run 1000ns
# run 1000ns
# run 1000ns
# run 1000ns
# run 1000ns
# run 1000ns
# run 1000ns
# run 1000ns
# run 1000ns
# run 1000ns
# run 1000ns
# run 1000ns
# run 1000ns
# run 1000ns
# run 1000ns
# run 1000ns
# run 1000ns
# run 1000ns
# run 1000ns
